<?xml version="1.0" encoding="UTF-8"?>
<testng-results ignored="0" total="2" passed="2" failed="0" skipped="0">
  <reporter-output>
  </reporter-output>
  <suite started-at="2021-03-26T13:39:33 CET" name="Default suite" finished-at="2021-03-26T13:39:36 CET" duration-ms="2966">
    <groups>
    </groups>
    <test started-at="2021-03-26T13:39:33 CET" name="Default test" finished-at="2021-03-26T13:39:36 CET" duration-ms="2966">
      <class name="com.test.pages.MessagingTest">
        <test-method is-config="true" signature="setUp()[pri:0, instance:com.test.pages.MessagingTest@56cdfb3b]" started-at="2021-03-26T13:39:33 CET" name="setUp" finished-at="2021-03-26T13:39:36 CET" duration-ms="2582" status="PASS">
          <reporter-output>
          </reporter-output>
        </test-method> <!-- setUp -->
        <test-method signature="launchAppTest()[pri:1, instance:com.test.pages.MessagingTest@56cdfb3b]" started-at="2021-03-26T13:39:36 CET" name="launchAppTest" finished-at="2021-03-26T13:39:36 CET" duration-ms="39" status="PASS">
          <reporter-output>
          </reporter-output>
        </test-method> <!-- launchAppTest -->
        <test-method is-config="true" signature="setUp()[pri:0, instance:com.test.pages.MessagingTest@56cdfb3b]" started-at="2021-03-26T13:39:36 CET" name="setUp" finished-at="2021-03-26T13:39:36 CET" duration-ms="175" status="PASS">
          <reporter-output>
          </reporter-output>
        </test-method> <!-- setUp -->
        <test-method signature="addMsgTest()[pri:2, instance:com.test.pages.MessagingTest@56cdfb3b]" started-at="2021-03-26T13:39:36 CET" name="addMsgTest" finished-at="2021-03-26T13:39:36 CET" duration-ms="13" status="PASS">
          <reporter-output>
          </reporter-output>
        </test-method> <!-- addMsgTest -->
      </class> <!-- com.test.pages.MessagingTest -->
    </test> <!-- Default test -->
  </suite> <!-- Default suite -->
</testng-results>
